LTspice 26.0.1 for Windows
Circuit: C:\Users\tatja\Documents\Studium\PEP\Git\PEP-Project\PepDraft2.net
Start Time: Thu Mar 26 16:07:51 2026
solver = Normal
Maximum thread count: 20
tnom = 27
temp = 27
method = trap
Direct Newton iteration failed to find operating point.
Starting Gmin stepping
Gmin stepping succeeded in finding the operating point.

Total elapsed time: 0.925 seconds.

Files loaded:
C:\Users\tatja\Documents\Studium\PEP\Git\PEP-Project\PepDraft2.net
C:\Users\tatja\AppData\Local\LTspice\lib\cmp\standard.dio
C:\Users\tatja\AppData\Local\LTspice\lib\cmp\standard.bjt
C:\Users\tatja\AppData\Local\LTspice\lib\sub\opamp.sub
C:\Users\tatja\AppData\Local\LTspice\lib\sub\ADI.lib
C:\Users\tatja\AppData\Local\LTspice\lib\sub\UniversalOpAmp2.lib
C:\Users\tatja\AppData\Local\LTspice\lib\sub\UniversalOpAmp3a.lib

