LTspice 26.0.1 for Windows
Circuit: C:\Users\tatja\Documents\Studium\PEP\Git\PEP-Project\PepDraft2_0.net
Start Time: Thu Apr  2 16:10:07 2026
solver = Normal
Maximum thread count: 20
tnom = 27
temp = 27
method = trap
WARNING: Node nc_04 is floating.

Direct Newton iteration succeeded in finding operating point.
Changing Tseed to 1e-08
Changing Tseed to 1e-10
Total elapsed time: 27.239 seconds.

Files loaded:
C:\Users\tatja\Documents\Studium\PEP\Git\PEP-Project\PepDraft2_0.net
C:\Users\tatja\AppData\Local\LTspice\lib\cmp\standard.dio
C:\Users\tatja\AppData\Local\LTspice\lib\cmp\standard.bjt
C:\Users\tatja\AppData\Local\LTspice\lib\sub\opamp.sub
C:\Users\tatja\AppData\Local\LTspice\lib\sub\ADG2412.sub
C:\Users\tatja\AppData\Local\LTspice\lib\sub\ADI.lib
C:\Users\tatja\AppData\Local\LTspice\lib\sub\LT1361.sub
C:\Users\tatja\AppData\Local\LTspice\lib\sub\LTC.lib
C:\Users\tatja\AppData\Local\LTspice\lib\sub\UniversalOpAmp2.lib

